{"/Users/admin/Documents/app-todo/task-manager/src/App.tsx": {"path":"/Users/admin/Documents/app-todo/task-manager/src/App.tsx","statementMap":{"0":{"start":{"line":2,"column":0},"end":{"line":2,"column":51}},"1":{"start":{"line":3,"column":0},"end":{"line":3,"column":45}},"2":{"start":{"line":4,"column":0},"end":{"line":4,"column":45}},"3":{"start":{"line":6,"column":0},"end":{"line":6,"column":26}},"4":{"start":{"line":8,"column":22},"end":{"line":63,"column":1}},"5":{"start":{"line":9,"column":28},"end":{"line":9,"column":48}},"6":{"start":{"line":10,"column":30},"end":{"line":10,"column":81}},"7":{"start":{"line":12,"column":2},"end":{"line":26,"column":9}},"8":{"start":{"line":13,"column":23},"end":{"line":24,"column":5}},"9":{"start":{"line":14,"column":6},"end":{"line":23,"column":7}},"10":{"start":{"line":15,"column":25},"end":{"line":15,"column":50}},"11":{"start":{"line":16,"column":8},"end":{"line":20,"column":9}},"12":{"start":{"line":17,"column":10},"end":{"line":17,"column":34}},"13":{"start":{"line":19,"column":10},"end":{"line":19,"column":71}},"14":{"start":{"line":22,"column":8},"end":{"line":22,"column":56}},"15":{"start":{"line":25,"column":4},"end":{"line":25,"column":17}},"16":{"start":{"line":28,"column":24},"end":{"line":35,"column":3}},"17":{"start":{"line":29,"column":4},"end":{"line":34,"column":5}},"18":{"start":{"line":30,"column":23},"end":{"line":30,"column":87}},"19":{"start":{"line":31,"column":6},"end":{"line":31,"column":51}},"20":{"start":{"line":31,"column":25},"end":{"line":31,"column":49}},"21":{"start":{"line":33,"column":6},"end":{"line":33,"column":49}},"22":{"start":{"line":37,"column":27},"end":{"line":43,"column":3}},"23":{"start":{"line":38,"column":4},"end":{"line":42,"column":6}},"24":{"start":{"line":39,"column":6},"end":{"line":40,"column":null}},"25":{"start":{"line":40,"column":8},"end":{"line":40,"column":75}},"26":{"start":{"line":45,"column":24},"end":{"line":49,"column":4}},"27":{"start":{"line":46,"column":4},"end":{"line":46,"column":54}},"28":{"start":{"line":46,"column":32},"end":{"line":46,"column":54}},"29":{"start":{"line":47,"column":4},"end":{"line":47,"column":56}},"30":{"start":{"line":47,"column":33},"end":{"line":47,"column":56}},"31":{"start":{"line":48,"column":4},"end":{"line":48,"column":16}},"32":{"start":{"line":51,"column":2},"end":{"line":62,"column":4}},"33":{"start":{"line":57,"column":31},"end":{"line":57,"column":47}},"34":{"start":{"line":58,"column":31},"end":{"line":58,"column":53}},"35":{"start":{"line":59,"column":31},"end":{"line":59,"column":54}},"36":{"start":{"line":65,"column":0},"end":{"line":65,"column":19}}},"fnMap":{"0":{"name":"(anonymous_1)","decl":{"start":{"line":8,"column":22},"end":{"line":8,"column":25}},"loc":{"start":{"line":8,"column":27},"end":{"line":63,"column":1}}},"1":{"name":"(anonymous_2)","decl":{"start":{"line":12,"column":12},"end":{"line":12,"column":15}},"loc":{"start":{"line":12,"column":17},"end":{"line":26,"column":3}}},"2":{"name":"(anonymous_3)","decl":{"start":{"line":13,"column":23},"end":{"line":13,"column":28}},"loc":{"start":{"line":13,"column":34},"end":{"line":24,"column":5}}},"3":{"name":"(anonymous_4)","decl":{"start":{"line":28,"column":24},"end":{"line":28,"column":29}},"loc":{"start":{"line":28,"column":51},"end":{"line":35,"column":3}}},"4":{"name":"(anonymous_5)","decl":{"start":{"line":31,"column":15},"end":{"line":31,"column":16}},"loc":{"start":{"line":31,"column":25},"end":{"line":31,"column":49}}},"5":{"name":"(anonymous_6)","decl":{"start":{"line":37,"column":27},"end":{"line":37,"column":28}},"loc":{"start":{"line":37,"column":46},"end":{"line":43,"column":3}}},"6":{"name":"(anonymous_7)","decl":{"start":{"line":38,"column":13},"end":{"line":38,"column":14}},"loc":{"start":{"line":39,"column":6},"end":{"line":40,"column":null}}},"7":{"name":"(anonymous_8)","decl":{"start":{"line":39,"column":20},"end":{"line":39,"column":21}},"loc":{"start":{"line":40,"column":8},"end":{"line":40,"column":75}}},"8":{"name":"(anonymous_9)","decl":{"start":{"line":45,"column":37},"end":{"line":45,"column":38}},"loc":{"start":{"line":45,"column":46},"end":{"line":49,"column":3}}},"9":{"name":"(anonymous_10)","decl":{"start":{"line":57,"column":25},"end":{"line":57,"column":28}},"loc":{"start":{"line":57,"column":31},"end":{"line":57,"column":47}}},"10":{"name":"(anonymous_11)","decl":{"start":{"line":58,"column":25},"end":{"line":58,"column":28}},"loc":{"start":{"line":58,"column":31},"end":{"line":58,"column":53}}},"11":{"name":"(anonymous_12)","decl":{"start":{"line":59,"column":25},"end":{"line":59,"column":28}},"loc":{"start":{"line":59,"column":31},"end":{"line":59,"column":54}}}},"branchMap":{"0":{"loc":{"start":{"line":16,"column":8},"end":{"line":20,"column":9}},"type":"if","locations":[{"start":{"line":16,"column":8},"end":{"line":20,"column":9}},{"start":{"line":18,"column":15},"end":{"line":20,"column":9}}]},"1":{"loc":{"start":{"line":40,"column":8},"end":{"line":40,"column":75}},"type":"cond-expr","locations":[{"start":{"line":40,"column":29},"end":{"line":40,"column":68}},{"start":{"line":40,"column":71},"end":{"line":40,"column":75}}]},"2":{"loc":{"start":{"line":46,"column":4},"end":{"line":46,"column":54}},"type":"if","locations":[{"start":{"line":46,"column":4},"end":{"line":46,"column":54}}]},"3":{"loc":{"start":{"line":47,"column":4},"end":{"line":47,"column":56}},"type":"if","locations":[{"start":{"line":47,"column":4},"end":{"line":47,"column":56}}]}},"s":{"0":1,"1":1,"2":1,"3":1,"4":1,"5":4,"6":4,"7":4,"8":4,"9":4,"10":4,"11":0,"12":0,"13":0,"14":4,"15":4,"16":4,"17":2,"18":2,"19":0,"20":0,"21":2,"22":4,"23":0,"24":0,"25":0,"26":4,"27":0,"28":0,"29":0,"30":0,"31":0,"32":4,"33":0,"34":0,"35":0,"36":1},"f":{"0":4,"1":4,"2":4,"3":2,"4":0,"5":0,"6":0,"7":0,"8":0,"9":0,"10":0,"11":0},"b":{"0":[0,0],"1":[0,0],"2":[0],"3":[0]}}
,"/Users/admin/Documents/app-todo/task-manager/src/components/TaskForm.tsx": {"path":"/Users/admin/Documents/app-todo/task-manager/src/components/TaskForm.tsx","statementMap":{"0":{"start":{"line":1,"column":0},"end":{"line":1,"column":40}},"1":{"start":{"line":2,"column":0},"end":{"line":2,"column":46}},"2":{"start":{"line":8,"column":42},"end":{"line":33,"column":1}},"3":{"start":{"line":9,"column":34},"end":{"line":9,"column":46}},"4":{"start":{"line":11,"column":24},"end":{"line":18,"column":3}},"5":{"start":{"line":12,"column":4},"end":{"line":15,"column":5}},"6":{"start":{"line":13,"column":6},"end":{"line":13,"column":51}},"7":{"start":{"line":14,"column":6},"end":{"line":14,"column":13}},"8":{"start":{"line":16,"column":4},"end":{"line":16,"column":24}},"9":{"start":{"line":17,"column":4},"end":{"line":17,"column":20}},"10":{"start":{"line":20,"column":2},"end":{"line":32,"column":4}},"11":{"start":{"line":24,"column":25},"end":{"line":24,"column":52}},"12":{"start":{"line":35,"column":0},"end":{"line":35,"column":24}}},"fnMap":{"0":{"name":"(anonymous_0)","decl":{"start":{"line":8,"column":42},"end":{"line":8,"column":43}},"loc":{"start":{"line":8,"column":60},"end":{"line":33,"column":1}}},"1":{"name":"(anonymous_1)","decl":{"start":{"line":11,"column":24},"end":{"line":11,"column":27}},"loc":{"start":{"line":11,"column":29},"end":{"line":18,"column":3}}},"2":{"name":"(anonymous_2)","decl":{"start":{"line":24,"column":18},"end":{"line":24,"column":19}},"loc":{"start":{"line":24,"column":25},"end":{"line":24,"column":52}}}},"branchMap":{"0":{"loc":{"start":{"line":12,"column":4},"end":{"line":15,"column":5}},"type":"if","locations":[{"start":{"line":12,"column":4},"end":{"line":15,"column":5}}]}},"s":{"0":1,"1":1,"2":1,"3":8,"4":8,"5":3,"6":1,"7":1,"8":2,"9":2,"10":8,"11":2,"12":1},"f":{"0":8,"1":3,"2":2},"b":{"0":[1]}}
,"/Users/admin/Documents/app-todo/task-manager/src/components/TaskList.tsx": {"path":"/Users/admin/Documents/app-todo/task-manager/src/components/TaskList.tsx","statementMap":{"0":{"start":{"line":3,"column":0},"end":{"line":3,"column":32}},"1":{"start":{"line":11,"column":42},"end":{"line":26,"column":1}},"2":{"start":{"line":12,"column":2},"end":{"line":25,"column":4}},"3":{"start":{"line":15,"column":8},"end":{"line":15,"column":27}},"4":{"start":{"line":18,"column":28},"end":{"line":18,"column":49}},"5":{"start":{"line":28,"column":0},"end":{"line":28,"column":24}}},"fnMap":{"0":{"name":"(anonymous_0)","decl":{"start":{"line":11,"column":42},"end":{"line":11,"column":43}},"loc":{"start":{"line":11,"column":70},"end":{"line":26,"column":1}}},"1":{"name":"(anonymous_1)","decl":{"start":{"line":14,"column":17},"end":{"line":14,"column":18}},"loc":{"start":{"line":15,"column":8},"end":{"line":15,"column":27}}},"2":{"name":"(anonymous_2)","decl":{"start":{"line":18,"column":22},"end":{"line":18,"column":25}},"loc":{"start":{"line":18,"column":28},"end":{"line":18,"column":49}}}},"branchMap":{},"s":{"0":1,"1":1,"2":4,"3":0,"4":0,"5":1},"f":{"0":4,"1":0,"2":0},"b":{}}
}
