TN:
SF:src/App.tsx
FN:8,(anonymous_1)
FN:14,(anonymous_2)
FN:15,(anonymous_3)
FN:30,(anonymous_4)
FN:36,(anonymous_5)
FN:42,(anonymous_6)
FN:43,(anonymous_7)
FN:44,(anonymous_8)
FN:50,(anonymous_9)
FN:62,(anonymous_10)
FN:63,(anonymous_11)
FN:64,(anonymous_12)
FNF:12
FNH:4
FNDA:5,(anonymous_1)
FNDA:5,(anonymous_2)
FNDA:5,(anonymous_3)
FNDA:3,(anonymous_4)
FNDA:0,(anonymous_5)
FNDA:0,(anonymous_6)
FNDA:0,(anonymous_7)
FNDA:0,(anonymous_8)
FNDA:0,(anonymous_9)
FNDA:0,(anonymous_10)
FNDA:0,(anonymous_11)
FNDA:0,(anonymous_12)
DA:2,2
DA:3,2
DA:4,2
DA:6,2
DA:8,2
DA:9,5
DA:10,5
DA:14,5
DA:15,5
DA:16,5
DA:17,5
DA:18,0
DA:19,0
DA:21,0
DA:24,5
DA:27,5
DA:30,5
DA:31,3
DA:32,3
DA:36,0
DA:38,3
DA:42,5
DA:43,0
DA:44,0
DA:45,0
DA:50,5
DA:51,0
DA:52,0
DA:53,0
DA:56,5
DA:62,0
DA:63,0
DA:64,0
DA:70,2
LF:34
LH:21
BRDA:18,0,0,0
BRDA:18,0,1,0
BRDA:45,1,0,0
BRDA:45,1,1,0
BRDA:51,2,0,0
BRDA:52,3,0,0
BRF:6
BRH:0
end_of_record
TN:
SF:src/api/taskApi.ts
FN:6,(anonymous_1)
FN:11,(anonymous_2)
FNF:2
FNH:0
FNDA:0,(anonymous_1)
FNDA:0,(anonymous_2)
DA:1,1
DA:4,1
DA:6,1
DA:7,0
DA:8,0
DA:11,1
DA:12,0
DA:13,0
LF:8
LH:4
BRF:0
BRH:0
end_of_record
TN:
SF:src/components/TaskForm.tsx
FN:8,(anonymous_0)
FN:11,(anonymous_1)
FN:29,(anonymous_2)
FNF:3
FNH:3
FNDA:11,(anonymous_0)
FNDA:4,(anonymous_1)
FNDA:3,(anonymous_2)
DA:1,2
DA:2,2
DA:8,2
DA:9,11
DA:11,11
DA:12,4
DA:13,1
DA:14,1
DA:17,3
DA:18,3
DA:19,3
DA:21,0
DA:25,11
DA:29,3
DA:40,2
LF:15
LH:14
BRDA:12,0,0,1
BRF:1
BRH:1
end_of_record
TN:
SF:src/components/TaskList.tsx
FN:11,(anonymous_0)
FN:14,(anonymous_1)
FN:18,(anonymous_2)
FNF:3
FNH:1
FNDA:5,(anonymous_0)
FNDA:0,(anonymous_1)
FNDA:0,(anonymous_2)
DA:3,2
DA:11,2
DA:12,5
DA:15,0
DA:18,0
DA:28,2
LF:6
LH:4
BRF:0
BRH:0
end_of_record
