TN:
SF:src/App.tsx
FN:8,(anonymous_1)
FN:12,(anonymous_2)
FN:13,(anonymous_3)
FN:28,(anonymous_4)
FN:31,(anonymous_5)
FN:37,(anonymous_6)
FN:38,(anonymous_7)
FN:39,(anonymous_8)
FN:45,(anonymous_9)
FN:57,(anonymous_10)
FN:58,(anonymous_11)
FN:59,(anonymous_12)
FNF:12
FNH:4
FNDA:4,(anonymous_1)
FNDA:4,(anonymous_2)
FNDA:4,(anonymous_3)
FNDA:2,(anonymous_4)
FNDA:0,(anonymous_5)
FNDA:0,(anonymous_6)
FNDA:0,(anonymous_7)
FNDA:0,(anonymous_8)
FNDA:0,(anonymous_9)
FNDA:0,(anonymous_10)
FNDA:0,(anonymous_11)
FNDA:0,(anonymous_12)
DA:2,1
DA:3,1
DA:4,1
DA:6,1
DA:8,1
DA:9,4
DA:10,4
DA:12,4
DA:13,4
DA:14,4
DA:15,4
DA:16,0
DA:17,0
DA:19,0
DA:22,4
DA:25,4
DA:28,4
DA:29,2
DA:30,2
DA:31,0
DA:33,2
DA:37,4
DA:38,0
DA:39,0
DA:40,0
DA:45,4
DA:46,0
DA:47,0
DA:48,0
DA:51,4
DA:57,0
DA:58,0
DA:59,0
DA:65,1
LF:34
LH:21
BRDA:16,0,0,0
BRDA:16,0,1,0
BRDA:40,1,0,0
BRDA:40,1,1,0
BRDA:46,2,0,0
BRDA:47,3,0,0
BRF:6
BRH:0
end_of_record
TN:
SF:src/components/TaskForm.tsx
FN:8,(anonymous_0)
FN:11,(anonymous_1)
FN:24,(anonymous_2)
FNF:3
FNH:3
FNDA:8,(anonymous_0)
FNDA:3,(anonymous_1)
FNDA:2,(anonymous_2)
DA:1,1
DA:2,1
DA:8,1
DA:9,8
DA:11,8
DA:12,3
DA:13,1
DA:14,1
DA:16,2
DA:17,2
DA:20,8
DA:24,2
DA:35,1
LF:13
LH:13
BRDA:12,0,0,1
BRF:1
BRH:1
end_of_record
TN:
SF:src/components/TaskList.tsx
FN:11,(anonymous_0)
FN:14,(anonymous_1)
FN:18,(anonymous_2)
FNF:3
FNH:1
FNDA:4,(anonymous_0)
FNDA:0,(anonymous_1)
FNDA:0,(anonymous_2)
DA:3,1
DA:11,1
DA:12,4
DA:15,0
DA:18,0
DA:28,1
LF:6
LH:4
BRF:0
BRH:0
end_of_record
